#
# There is insufficient memory for the Java Runtime Environment to continue.
# Native memory allocation (mmap) failed to map 171966464 bytes for committing reserved memory.
# Possible reasons:
#   The system is out of physical RAM or swap space
#   In 32 bit mode, the process size limit was hit
# Possible solutions:
#   Reduce memory load on the system
#   Increase physical memory or swap space
#   Check if swap backing store is full
#   Use 64 bit Java on a 64 bit OS
#   Decrease Java heap size (-Xmx/-Xms)
#   Decrease number of Java threads
#   Decrease Java thread stack sizes (-Xss)
#   Set larger code cache with -XX:ReservedCodeCacheSize=
# This output file may be truncated or incomplete.
#
#  Out of Memory Error (os_linux.cpp:2627), pid=19694, tid=0x00007f7258390700
#
# JRE version: Java(TM) SE Runtime Environment (8.0_121-b13) (build 1.8.0_121-b13)
# Java VM: Java HotSpot(TM) 64-Bit Server VM (25.121-b13 mixed mode linux-amd64 compressed oops)
# Failed to write core dump. Core dumps have been disabled. To enable core dumping, try "ulimit -c unlimited" before starting Java again
#

---------------  T H R E A D  ---------------

Current thread (0x00007f7268080000):  VMThread [stack: 0x00007f7258290000,0x00007f7258391000] [id=19708]

Stack: [0x00007f7258290000,0x00007f7258391000],  sp=0x00007f725838f020,  free space=1020k
Native frames: (J=compiled Java code, j=interpreted, Vv=VM code, C=native code)
V  [libjvm.so+0xac703a]  VMError::report_and_die()+0x2ba
V  [libjvm.so+0x4fc7eb]  report_vm_out_of_memory(char const*, int, unsigned long, VMErrorType, char const*)+0x8b
V  [libjvm.so+0x923c43]  os::Linux::commit_memory_impl(char*, unsigned long, bool)+0x103
V  [libjvm.so+0x924199]  os::pd_commit_memory(char*, unsigned long, unsigned long, bool)+0x29
V  [libjvm.so+0x91e4aa]  os::commit_memory(char*, unsigned long, unsigned long, bool)+0x2a
V  [libjvm.so+0x992f03]  PSVirtualSpace::expand_by(unsigned long)+0x53
V  [libjvm.so+0x994308]  PSYoungGen::resize_generation(unsigned long, unsigned long)+0xf8
V  [libjvm.so+0x993462]  PSYoungGen::resize(unsigned long, unsigned long)+0x22
V  [libjvm.so+0x99073b]  PSScavenge::invoke_no_policy()+0xf3b
V  [libjvm.so+0x990ec1]  PSScavenge::invoke()+0x41
V  [libjvm.so+0x947c10]  ParallelScavengeHeap::failed_mem_allocate(unsigned long)+0x70
V  [libjvm.so+0xac8a57]  VM_ParallelGCFailedAllocation::doit()+0x97
V  [libjvm.so+0xad0535]  VM_Operation::evaluate()+0x55
V  [libjvm.so+0xace90a]  VMThread::evaluate_operation(VM_Operation*)+0xba
V  [libjvm.so+0xacec8e]  VMThread::loop()+0x1ce
V  [libjvm.so+0xacf100]  VMThread::run()+0x70
V  [libjvm.so+0x926268]  java_start(Thread*)+0x108

VM_Operation (0x00007f72494a7a10): ParallelGCFailedAllocation, mode: safepoint, requested by thread 0x00007f726817c800


---------------  P R O C E S S  ---------------

Java Threads: ( => current thread )
  0x00007f726818d000 JavaThread "pool-1-thread-4" [_thread_blocked, id=19737, stack(0x00007f7248fa5000,0x00007f72490a6000)]
  0x00007f726818b800 JavaThread "pool-1-thread-3" [_thread_blocked, id=19736, stack(0x00007f72490a6000,0x00007f72491a7000)]
  0x00007f726818a000 JavaThread "pool-1-thread-2" [_thread_blocked, id=19735, stack(0x00007f72491a7000,0x00007f72492a8000)]
  0x00007f7268188000 JavaThread "pool-2-thread-1" [_thread_blocked, id=19734, stack(0x00007f72492a8000,0x00007f72493a9000)]
  0x00007f726817c800 JavaThread "pool-1-thread-1" [_thread_blocked, id=19733, stack(0x00007f72493a9000,0x00007f72494aa000)]
  0x00007f72680d3800 JavaThread "Service Thread" daemon [_thread_blocked, id=19716, stack(0x00007f72495ab000,0x00007f72496ac000)]
  0x00007f72680c8800 JavaThread "C1 CompilerThread3" daemon [_thread_blocked, id=19715, stack(0x00007f72496ac000,0x00007f72497ad000)]
  0x00007f72680c6800 JavaThread "C2 CompilerThread2" daemon [_thread_blocked, id=19714, stack(0x00007f72497ad000,0x00007f72498ae000)]
  0x00007f72680c4800 JavaThread "C2 CompilerThread1" daemon [_thread_blocked, id=19713, stack(0x00007f72498ae000,0x00007f72499af000)]
  0x00007f72680c2000 JavaThread "C2 CompilerThread0" daemon [_thread_blocked, id=19712, stack(0x00007f72499af000,0x00007f7249ab0000)]
  0x00007f72680c0800 JavaThread "Signal Dispatcher" daemon [_thread_blocked, id=19711, stack(0x00007f7249ab0000,0x00007f7249bb1000)]
  0x00007f726808c800 JavaThread "Finalizer" daemon [_thread_blocked, id=19710, stack(0x00007f725808e000,0x00007f725818f000)]
  0x00007f7268087800 JavaThread "Reference Handler" daemon [_thread_blocked, id=19709, stack(0x00007f725818f000,0x00007f7258290000)]
  0x00007f726800a000 JavaThread "main" [_thread_blocked, id=19699, stack(0x00007f72719e1000,0x00007f7271ae2000)]

Other Threads:
=>0x00007f7268080000 VMThread [stack: 0x00007f7258290000,0x00007f7258391000] [id=19708]
  0x00007f72680d6800 WatcherThread [stack: 0x00007f72494aa000,0x00007f72495ab000] [id=19717]

VM state:at safepoint (normal execution)

VM Mutex/Monitor currently owned by a thread:  ([mutex/lock_event])
[0x00007f72680064f0] Threads_lock - owner thread: 0x00007f7268080000
[0x00007f72680069f0] Heap_lock - owner thread: 0x00007f726817c800

Heap:
 PSYoungGen      total 132096K, used 5093K [0x00000000eab00000, 0x00000000f3100000, 0x0000000100000000)
  eden space 126976K, 0% used [0x00000000eab00000,0x00000000eab00000,0x00000000f2700000)
  from space 5120K, 99% used [0x00000000f2700000,0x00000000f2bf96f0,0x00000000f2c00000)
  to   space 5120K, 0% used [0x00000000f2c00000,0x00000000f2c00000,0x00000000f3100000)
 ParOldGen       total 84992K, used 44705K [0x00000000c0000000, 0x00000000c5300000, 0x00000000eab00000)
  object space 84992K, 52% used [0x00000000c0000000,0x00000000c2ba86a0,0x00000000c5300000)
 Metaspace       used 6454K, capacity 7192K, committed 7424K, reserved 1056768K
  class space    used 631K, capacity 656K, committed 768K, reserved 1048576K

Card table byte_map: [0x00007f726e588000,0x00007f726e789000] byte_map_base: 0x00007f726df88000

Marking Bits: (ParMarkBitMap*) 0x00007f7270eb3c80
 Begin Bits: [0x00007f724a000000, 0x00007f724b000000)
 End Bits:   [0x00007f724b000000, 0x00007f724c000000)

Polling page: 0x00007f7271b03000

CodeCache: size=245760Kb used=6544Kb max_used=6544Kb free=239215Kb
 bounds [0x00007f7259000000, 0x00007f7259670000, 0x00007f7268000000]
 total_blobs=2140 nmethods=1871 adapters=182
 compilation: enabled

Compilation events (10 events):
Event: 2,855 Thread 0x00007f72680c8800 1992       3       com.android.dx.ssa.SsaMethod::removeFromUseList (57 bytes)
Event: 2,855 Thread 0x00007f72680c8800 nmethod 1992 0x00007f725962bcd0 code [0x00007f725962bea0, 0x00007f725962c668]
Event: 2,856 Thread 0x00007f72680c8800 1993       2       java.util.concurrent.locks.AbstractQueuedSynchronizer$Node::predecessor (19 bytes)
Event: 2,856 Thread 0x00007f72680c8800 nmethod 1993 0x00007f725962b890 code [0x00007f725962ba00, 0x00007f725962bc08]
Event: 2,858 Thread 0x00007f72680c8800 1995       2       com.android.dx.ssa.SCCP::simulateBranch (666 bytes)
Event: 2,860 Thread 0x00007f72680c8800 nmethod 1995 0x00007f7259628f90 code [0x00007f72596292a0, 0x00007f725962a218]
Event: 2,860 Thread 0x00007f72680c8800 1994       2       com.android.dx.ssa.SCCP::simulateStmt (481 bytes)
Event: 2,861 Thread 0x00007f72680c8800 nmethod 1994 0x00007f7259666950 code [0x00007f7259666bc0, 0x00007f7259667478]
Event: 2,862 Thread 0x00007f72680c8800 1996       2       com.android.dx.rop.annotation.AnnotationsList::set (11 bytes)
Event: 2,862 Thread 0x00007f72680c8800 nmethod 1996 0x00007f7259668210 code [0x00007f72596683e0, 0x00007f72596688f8]

GC Heap History (9 events):
Event: 0,983 GC heap before
{Heap before GC invocations=1 (full 0):
 PSYoungGen      total 36864K, used 31744K [0x00000000eab00000, 0x00000000ed400000, 0x0000000100000000)
  eden space 31744K, 100% used [0x00000000eab00000,0x00000000eca00000,0x00000000eca00000)
  from space 5120K, 0% used [0x00000000ecf00000,0x00000000ecf00000,0x00000000ed400000)
  to   space 5120K, 0% used [0x00000000eca00000,0x00000000eca00000,0x00000000ecf00000)
 ParOldGen       total 84992K, used 0K [0x00000000c0000000, 0x00000000c5300000, 0x00000000eab00000)
  object space 84992K, 0% used [0x00000000c0000000,0x00000000c0000000,0x00000000c5300000)
 Metaspace       used 5930K, capacity 6840K, committed 7040K, reserved 1056768K
  class space    used 607K, capacity 624K, committed 640K, reserved 1048576K
Event: 1,014 GC heap after
Heap after GC invocations=1 (full 0):
 PSYoungGen      total 36864K, used 5095K [0x00000000eab00000, 0x00000000ef300000, 0x0000000100000000)
  eden space 31744K, 0% used [0x00000000eab00000,0x00000000eab00000,0x00000000eca00000)
  from space 5120K, 99% used [0x00000000eca00000,0x00000000ecef9c98,0x00000000ecf00000)
  to   space 5120K, 0% used [0x00000000eee00000,0x00000000eee00000,0x00000000ef300000)
 ParOldGen       total 84992K, used 1687K [0x00000000c0000000, 0x00000000c5300000, 0x00000000eab00000)
  object space 84992K, 1% used [0x00000000c0000000,0x00000000c01a5e28,0x00000000c5300000)
 Metaspace       used 5930K, capacity 6840K, committed 7040K, reserved 1056768K
  class space    used 607K, capacity 624K, committed 640K, reserved 1048576K
}
Event: 1,304 GC heap before
{Heap before GC invocations=2 (full 0):
 PSYoungGen      total 36864K, used 36839K [0x00000000eab00000, 0x00000000ef300000, 0x0000000100000000)
  eden space 31744K, 100% used [0x00000000eab00000,0x00000000eca00000,0x00000000eca00000)
  from space 5120K, 99% used [0x00000000eca00000,0x00000000ecef9c98,0x00000000ecf00000)
  to   space 5120K, 0% used [0x00000000eee00000,0x00000000eee00000,0x00000000ef300000)
 ParOldGen       total 84992K, used 1687K [0x00000000c0000000, 0x00000000c5300000, 0x00000000eab00000)
  object space 84992K, 1% used [0x00000000c0000000,0x00000000c01a5e28,0x00000000c5300000)
 Metaspace       used 6130K, capacity 7064K, committed 7424K, reserved 1056768K
  class space    used 611K, capacity 656K, committed 768K, reserved 1048576K
Event: 1,317 GC heap after
Heap after GC invocations=2 (full 0):
 PSYoungGen      total 68608K, used 5114K [0x00000000eab00000, 0x00000000ef300000, 0x0000000100000000)
  eden space 63488K, 0% used [0x00000000eab00000,0x00000000eab00000,0x00000000ee900000)
  from space 5120K, 99% used [0x00000000eee00000,0x00000000ef2feaa8,0x00000000ef300000)
  to   space 5120K, 0% used [0x00000000ee900000,0x00000000ee900000,0x00000000eee00000)
 ParOldGen       total 84992K, used 6027K [0x00000000c0000000, 0x00000000c5300000, 0x00000000eab00000)
  object space 84992K, 7% used [0x00000000c0000000,0x00000000c05e2e08,0x00000000c5300000)
 Metaspace       used 6130K, capacity 7064K, committed 7424K, reserved 1056768K
  class space    used 611K, capacity 656K, committed 768K, reserved 1048576K
}
Event: 1,679 GC heap before
{Heap before GC invocations=3 (full 0):
 PSYoungGen      total 68608K, used 68602K [0x00000000eab00000, 0x00000000ef300000, 0x0000000100000000)
  eden space 63488K, 100% used [0x00000000eab00000,0x00000000ee900000,0x00000000ee900000)
  from space 5120K, 99% used [0x00000000eee00000,0x00000000ef2feaa8,0x00000000ef300000)
  to   space 5120K, 0% used [0x00000000ee900000,0x00000000ee900000,0x00000000eee00000)
 ParOldGen       total 84992K, used 6027K [0x00000000c0000000, 0x00000000c5300000, 0x00000000eab00000)
  object space 84992K, 7% used [0x00000000c0000000,0x00000000c05e2e08,0x00000000c5300000)
 Metaspace       used 6204K, capacity 7128K, committed 7424K, reserved 1056768K
  class space    used 612K, capacity 656K, committed 768K, reserved 1048576K
Event: 1,722 GC heap after
Heap after GC invocations=3 (full 0):
 PSYoungGen      total 68608K, used 5100K [0x00000000eab00000, 0x00000000f3100000, 0x0000000100000000)
  eden space 63488K, 0% used [0x00000000eab00000,0x00000000eab00000,0x00000000ee900000)
  from space 5120K, 99% used [0x00000000ee900000,0x00000000eedfb310,0x00000000eee00000)
  to   space 5120K, 0% used [0x00000000f2c00000,0x00000000f2c00000,0x00000000f3100000)
 ParOldGen       total 84992K, used 15838K [0x00000000c0000000, 0x00000000c5300000, 0x00000000eab00000)
  object space 84992K, 18% used [0x00000000c0000000,0x00000000c0f77ad8,0x00000000c5300000)
 Metaspace       used 6204K, capacity 7128K, committed 7424K, reserved 1056768K
  class space    used 612K, capacity 656K, committed 768K, reserved 1048576K
}
Event: 1,924 GC heap before
{Heap before GC invocations=4 (full 0):
 PSYoungGen      total 68608K, used 68588K [0x00000000eab00000, 0x00000000f3100000, 0x0000000100000000)
  eden space 63488K, 100% used [0x00000000eab00000,0x00000000ee900000,0x00000000ee900000)
  from space 5120K, 99% used [0x00000000ee900000,0x00000000eedfb310,0x00000000eee00000)
  to   space 5120K, 0% used [0x00000000f2c00000,0x00000000f2c00000,0x00000000f3100000)
 ParOldGen       total 84992K, used 15838K [0x00000000c0000000, 0x00000000c5300000, 0x00000000eab00000)
  object space 84992K, 18% used [0x00000000c0000000,0x00000000c0f77ad8,0x00000000c5300000)
 Metaspace       used 6294K, capacity 7192K, committed 7424K, reserved 1056768K
  class space    used 612K, capacity 656K, committed 768K, reserved 1048576K
Event: 1,966 GC heap after
Heap after GC invocations=4 (full 0):
 PSYoungGen      total 132096K, used 5106K [0x00000000eab00000, 0x00000000f3100000, 0x0000000100000000)
  eden space 126976K, 0% used [0x00000000eab00000,0x00000000eab00000,0x00000000f2700000)
  from space 5120K, 99% used [0x00000000f2c00000,0x00000000f30fc9a0,0x00000000f3100000)
  to   space 5120K, 0% used [0x00000000f2700000,0x00000000f2700000,0x00000000f2c00000)
 ParOldGen       total 84992K, used 26196K [0x00000000c0000000, 0x00000000c5300000, 0x00000000eab00000)
  object space 84992K, 30% used [0x00000000c0000000,0x00000000c19953c0,0x00000000c5300000)
 Metaspace       used 6294K, capacity 7192K, committed 7424K, reserved 1056768K
  class space    used 612K, capacity 656K, committed 768K, reserved 1048576K
}
Event: 2,864 GC heap before
{Heap before GC invocations=5 (full 0):
 PSYoungGen      total 132096K, used 132082K [0x00000000eab00000, 0x00000000f3100000, 0x0000000100000000)
  eden space 126976K, 100% used [0x00000000eab00000,0x00000000f2700000,0x00000000f2700000)
  from space 5120K, 99% used [0x00000000f2c00000,0x00000000f30fc9a0,0x00000000f3100000)
  to   space 5120K, 0% used [0x00000000f2700000,0x00000000f2700000,0x00000000f2c00000)
 ParOldGen       total 84992K, used 26196K [0x00000000c0000000, 0x00000000c5300000, 0x00000000eab00000)
  object space 84992K, 30% used [0x00000000c0000000,0x00000000c19953c0,0x00000000c5300000)
 Metaspace       used 6454K, capacity 7192K, committed 7424K, reserved 1056768K
  class space    used 631K, capacity 656K, committed 768K, reserved 1048576K

Deoptimization events (10 events):
Event: 1,170 Thread 0x00007f726817c800 Uncommon trap: reason=unstable_if action=reinterpret pc=0x00007f72591b1f00 method=java.lang.String.replace(CC)Ljava/lang/String; @ 26
Event: 1,238 Thread 0x00007f726818a000 Uncommon trap: reason=unstable_if action=reinterpret pc=0x00007f7259379c90 method=java.util.HashMap.putVal(ILjava/lang/Object;Ljava/lang/Object;ZZ)Ljava/lang/Object; @ 162
Event: 1,238 Thread 0x00007f726818a000 Uncommon trap: reason=unstable_if action=reinterpret pc=0x00007f7259264284 method=java.util.HashMap.getNode(ILjava/lang/Object;)Ljava/util/HashMap$Node; @ 84
Event: 2,004 Thread 0x00007f726818a000 Uncommon trap: reason=unstable_if action=reinterpret pc=0x00007f725922e778 method=java.util.HashMap.putVal(ILjava/lang/Object;Ljava/lang/Object;ZZ)Ljava/lang/Object; @ 162
Event: 2,585 Thread 0x00007f726818a000 Uncommon trap: reason=bimorphic action=maybe_recompile pc=0x00007f7259642a68 method=com.android.dx.cf.code.BytecodeArray.parseInstruction(ILcom/android/dx/cf/code/BytecodeArray$Visitor;)I @ 2281
Event: 2,587 Thread 0x00007f726818a000 Uncommon trap: reason=bimorphic action=maybe_recompile pc=0x00007f7259642a68 method=com.android.dx.cf.code.BytecodeArray.parseInstruction(ILcom/android/dx/cf/code/BytecodeArray$Visitor;)I @ 2281
Event: 2,857 Thread 0x00007f726818d000 Uncommon trap: reason=unstable_if action=reinterpret pc=0x00007f72594ea5f0 method=com.android.dx.ssa.SCCP.simulateBranch(Lcom/android/dx/ssa/SsaInsn;)V @ 548
Event: 2,857 Thread 0x00007f726818d000 Uncommon trap: reason=unstable_if action=reinterpret pc=0x00007f72594116b4 method=com.android.dx.ssa.SCCP.simulateStmt(Lcom/android/dx/ssa/SsaInsn;)V @ 435
Event: 2,858 Thread 0x00007f726818d000 Uncommon trap: reason=class_check action=maybe_recompile pc=0x00007f725966007c method=com.android.dx.rop.code.RegisterSpec.withSimpleType()Lcom/android/dx/rop/code/RegisterSpec; @ 21
Event: 2,860 Thread 0x00007f726818d000 Uncommon trap: reason=class_check action=maybe_recompile pc=0x00007f725966007c method=com.android.dx.rop.code.RegisterSpec.withSimpleType()Lcom/android/dx/rop/code/RegisterSpec; @ 21

Internal exceptions (5 events):
Event: 0,015 Thread 0x00007f726800a000 Exception <a 'java/lang/NoSuchMethodError': Method sun.misc.Unsafe.defineClass(Ljava/lang/String;[BII)Ljava/lang/Class; name or signature does not match> (0x00000000eab07ca8) thrown at [/HUDSON3/workspace/8-2-build-linux-amd64/jdk8u121/8372/hotspot/src/sh
Event: 0,015 Thread 0x00007f726800a000 Exception <a 'java/lang/NoSuchMethodError': Method sun.misc.Unsafe.prefetchRead(Ljava/lang/Object;J)V name or signature does not match> (0x00000000eab07f90) thrown at [/HUDSON3/workspace/8-2-build-linux-amd64/jdk8u121/8372/hotspot/src/share/vm/prims/jni.c
Event: 2,005 Thread 0x00007f726818a000 Exception <a 'java/lang/ArrayIndexOutOfBoundsException': 18> (0x00000000ebb41830) thrown at [/HUDSON3/workspace/8-2-build-linux-amd64/jdk8u121/8372/hotspot/src/share/vm/interpreter/interpreterRuntime.cpp, line 366]
Event: 2,005 Thread 0x00007f726818a000 Exception <a 'java/lang/ArrayIndexOutOfBoundsException': 145> (0x00000000ebb433b0) thrown at [/HUDSON3/workspace/8-2-build-linux-amd64/jdk8u121/8372/hotspot/src/share/vm/interpreter/interpreterRuntime.cpp, line 366]
Event: 2,006 Thread 0x00007f726818a000 Exception <a 'java/lang/ArrayIndexOutOfBoundsException': 40> (0x00000000ebb44698) thrown at [/HUDSON3/workspace/8-2-build-linux-amd64/jdk8u121/8372/hotspot/src/share/vm/interpreter/interpreterRuntime.cpp, line 366]

Events (10 events):
Event: 2,857 Thread 0x00007f726818d000 DEOPT UNPACKING pc=0x00007f7259005229 sp=0x00007f72490a3f18 mode 2
Event: 2,858 Thread 0x00007f726818d000 Uncommon trap: trap_request=0xffffffde fr.pc=0x00007f725966007c
Event: 2,858 Thread 0x00007f726818d000 DEOPT PACKING pc=0x00007f725966007c sp=0x00007f72490a4040
Event: 2,858 Thread 0x00007f726818d000 DEOPT UNPACKING pc=0x00007f7259005229 sp=0x00007f72490a3fc8 mode 2
Event: 2,860 Thread 0x00007f726818d000 Uncommon trap: trap_request=0xffffffde fr.pc=0x00007f725966007c
Event: 2,860 Thread 0x00007f726818d000 DEOPT PACKING pc=0x00007f725966007c sp=0x00007f72490a3f90
Event: 2,860 Thread 0x00007f726818d000 DEOPT UNPACKING pc=0x00007f7259005229 sp=0x00007f72490a3f18 mode 2
Event: 2,864 Thread 0x00007f726818d000 DEOPT PACKING pc=0x00007f725928a2e6 sp=0x00007f72490a3cb0
Event: 2,864 Thread 0x00007f726818d000 DEOPT UNPACKING pc=0x00007f7259047633 sp=0x00007f72490a3a18 mode 0
Event: 2,864 Executing VM operation: ParallelGCFailedAllocation


Dynamic libraries:
00400000-00401000 r-xp 00000000 08:12 403095                             /usr/lib/jvm/java-8-oracle/bin/java
00600000-00601000 rw-p 00000000 08:12 403095                             /usr/lib/jvm/java-8-oracle/bin/java
01528000-01549000 rw-p 00000000 00:00 0                                  [heap]
c0000000-c5300000 rw-p 00000000 00:00 0 
c5300000-eab00000 ---p 00000000 00:00 0 
eab00000-f3100000 rw-p 00000000 00:00 0 
fd500000-100000000 ---p 00000000 00:00 0 
100000000-1000c0000 rw-p 00000000 00:00 0 
1000c0000-140000000 ---p 00000000 00:00 0 
7f71ec000000-7f71ec021000 rw-p 00000000 00:00 0 
7f71ec021000-7f71f0000000 ---p 00000000 00:00 0 
7f71f4000000-7f71f4036000 rw-p 00000000 00:00 0 
7f71f4036000-7f71f8000000 ---p 00000000 00:00 0 
7f71f8000000-7f71f8034000 rw-p 00000000 00:00 0 
7f71f8034000-7f71fc000000 ---p 00000000 00:00 0 
7f71fc000000-7f71fc026000 rw-p 00000000 00:00 0 
7f71fc026000-7f7200000000 ---p 00000000 00:00 0 
7f7200000000-7f7200021000 rw-p 00000000 00:00 0 
7f7200021000-7f7204000000 ---p 00000000 00:00 0 
7f7204000000-7f7204021000 rw-p 00000000 00:00 0 
7f7204021000-7f7208000000 ---p 00000000 00:00 0 
7f7208000000-7f7208021000 rw-p 00000000 00:00 0 
7f7208021000-7f720c000000 ---p 00000000 00:00 0 
7f720c000000-7f720c5e5000 rw-p 00000000 00:00 0 
7f720c5e5000-7f7210000000 ---p 00000000 00:00 0 
7f7210000000-7f7210864000 rw-p 00000000 00:00 0 
7f7210864000-7f7214000000 ---p 00000000 00:00 0 
7f7214000000-7f7214eb9000 rw-p 00000000 00:00 0 
7f7214eb9000-7f7218000000 ---p 00000000 00:00 0 
7f7218000000-7f721895e000 rw-p 00000000 00:00 0 
7f721895e000-7f721c000000 ---p 00000000 00:00 0 
7f721c000000-7f721c021000 rw-p 00000000 00:00 0 
7f721c021000-7f7220000000 ---p 00000000 00:00 0 
7f7220000000-7f7220021000 rw-p 00000000 00:00 0 
7f7220021000-7f7224000000 ---p 00000000 00:00 0 
7f7224000000-7f722428f000 rw-p 00000000 00:00 0 
7f722428f000-7f7228000000 ---p 00000000 00:00 0 
7f7228000000-7f7228021000 rw-p 00000000 00:00 0 
7f7228021000-7f722c000000 ---p 00000000 00:00 0 
7f722c000000-7f722c021000 rw-p 00000000 00:00 0 
7f722c021000-7f7230000000 ---p 00000000 00:00 0 
7f7230000000-7f7230021000 rw-p 00000000 00:00 0 
7f7230021000-7f7234000000 ---p 00000000 00:00 0 
7f7234000000-7f7234021000 rw-p 00000000 00:00 0 
7f7234021000-7f7238000000 ---p 00000000 00:00 0 
7f723c000000-7f723c021000 rw-p 00000000 00:00 0 
7f723c021000-7f7240000000 ---p 00000000 00:00 0 
7f7244000000-7f7244024000 rw-p 00000000 00:00 0 
7f7244024000-7f7248000000 ---p 00000000 00:00 0 
7f7248fa5000-7f7248fa8000 ---p 00000000 00:00 0 
7f7248fa8000-7f72490a6000 rw-p 00000000 00:00 0 
7f72490a6000-7f72490a9000 ---p 00000000 00:00 0 
7f72490a9000-7f72491a7000 rw-p 00000000 00:00 0 
7f72491a7000-7f72491aa000 ---p 00000000 00:00 0 
7f72491aa000-7f72492a8000 rw-p 00000000 00:00 0 
7f72492a8000-7f72492ab000 ---p 00000000 00:00 0 
7f72492ab000-7f72493a9000 rw-p 00000000 00:00 0 
7f72493a9000-7f72493ac000 ---p 00000000 00:00 0 
7f72493ac000-7f72494aa000 rw-p 00000000 00:00 0 
7f72494aa000-7f72494ab000 ---p 00000000 00:00 0 
7f72494ab000-7f72495ab000 rw-p 00000000 00:00 0 
7f72495ab000-7f72495ae000 ---p 00000000 00:00 0 
7f72495ae000-7f72496ac000 rw-p 00000000 00:00 0 
7f72496ac000-7f72496af000 ---p 00000000 00:00 0 
7f72496af000-7f72497ad000 rw-p 00000000 00:00 0 
7f72497ad000-7f72497b0000 ---p 00000000 00:00 0 
7f72497b0000-7f72498ae000 rw-p 00000000 00:00 0 
7f72498ae000-7f72498b1000 ---p 00000000 00:00 0 
7f72498b1000-7f72499af000 rw-p 00000000 00:00 0 
7f72499af000-7f72499b2000 ---p 00000000 00:00 0 
7f72499b2000-7f7249ab0000 rw-p 00000000 00:00 0 
7f7249ab0000-7f7249ab3000 ---p 00000000 00:00 0 
7f7249ab3000-7f7249bb1000 rw-p 00000000 00:00 0 
7f7249bb1000-7f724a000000 r--p 00000000 08:12 6029502                    /usr/lib/locale/locale-archive
7f724a000000-7f724c000000 rw-p 00000000 00:00 0 
7f724c000000-7f724c021000 rw-p 00000000 00:00 0 
7f724c021000-7f7250000000 ---p 00000000 00:00 0 
7f7250000000-7f7250021000 rw-p 00000000 00:00 0 
7f7250021000-7f7254000000 ---p 00000000 00:00 0 
7f7254000000-7f7254021000 rw-p 00000000 00:00 0 
7f7254021000-7f7258000000 ---p 00000000 00:00 0 
7f7258069000-7f725807f000 r--s 000f1000 08:01 16253091                   /home/candyogre/Projects/ApikoAgroMobile/android/app/build/intermediates/exploded-aar/com.android.support/support-v4/23.4.0/jars/classes.jar
7f725807f000-7f725808e000 r--s 000df000 08:01 13107515                   /home/candyogre/Android/Sdk/build-tools/23.0.1/lib/dx.jar
7f725808e000-7f7258091000 ---p 00000000 00:00 0 
7f7258091000-7f725818f000 rw-p 00000000 00:00 0 
7f725818f000-7f7258192000 ---p 00000000 00:00 0 
7f7258192000-7f7258290000 rw-p 00000000 00:00 0 
7f7258290000-7f7258291000 ---p 00000000 00:00 0 
7f7258291000-7f7259000000 rw-p 00000000 00:00 0 
7f7259000000-7f7259670000 rwxp 00000000 00:00 0 
7f7259670000-7f7268000000 ---p 00000000 00:00 0 
7f7268000000-7f72683bc000 rw-p 00000000 00:00 0 
7f72683bc000-7f726c000000 ---p 00000000 00:00 0 
7f726c006000-7f726cfdb000 rw-p 00000000 00:00 0 
7f726cfdb000-7f726d1b4000 r--s 03d3e000 08:12 542723                     /usr/lib/jvm/java-8-oracle/jre/lib/rt.jar
7f726d1b4000-7f726d8aa000 rw-p 00000000 00:00 0 
7f726d8aa000-7f726da2a000 ---p 00000000 00:00 0 
7f726da2a000-7f726dc2a000 rw-p 00000000 00:00 0 
7f726dc2a000-7f726dc2b000 ---p 00000000 00:00 0 
7f726dc2b000-7f726dd2b000 rw-p 00000000 00:00 0 
7f726dd2b000-7f726dd2c000 ---p 00000000 00:00 0 
7f726dd2c000-7f726de2c000 rw-p 00000000 00:00 0 
7f726de2c000-7f726de2d000 ---p 00000000 00:00 0 
7f726de2d000-7f726df2d000 rw-p 00000000 00:00 0 
7f726df2d000-7f726df2e000 ---p 00000000 00:00 0 
7f726df2e000-7f726e02e000 rw-p 00000000 00:00 0 
7f726e02e000-7f726e02f000 ---p 00000000 00:00 0 
7f726e02f000-7f726e12f000 rw-p 00000000 00:00 0 
7f726e12f000-7f726e130000 ---p 00000000 00:00 0 
7f726e130000-7f726e230000 rw-p 00000000 00:00 0 
7f726e230000-7f726e231000 ---p 00000000 00:00 0 
7f726e231000-7f726e331000 rw-p 00000000 00:00 0 
7f726e331000-7f726e332000 ---p 00000000 00:00 0 
7f726e332000-7f726e45c000 rw-p 00000000 00:00 0 
7f726e45c000-7f726e588000 ---p 00000000 00:00 0 
7f726e588000-7f726e5b2000 rw-p 00000000 00:00 0 
7f726e5b2000-7f726e6dd000 ---p 00000000 00:00 0 
7f726e6dd000-7f726e721000 rw-p 00000000 00:00 0 
7f726e721000-7f726e788000 ---p 00000000 00:00 0 
7f726e788000-7f726e7a3000 rw-p 00000000 00:00 0 
7f726e7a3000-7f726eb49000 ---p 00000000 00:00 0 
7f726eb49000-7f726eb63000 r-xp 00000000 08:12 542754                     /usr/lib/jvm/java-8-oracle/jre/lib/amd64/libzip.so
7f726eb63000-7f726ed63000 ---p 0001a000 08:12 542754                     /usr/lib/jvm/java-8-oracle/jre/lib/amd64/libzip.so
7f726ed63000-7f726ed64000 rw-p 0001a000 08:12 542754                     /usr/lib/jvm/java-8-oracle/jre/lib/amd64/libzip.so
7f726ed64000-7f726ed6f000 r-xp 00000000 08:12 262242                     /lib/x86_64-linux-gnu/libnss_files-2.23.so
7f726ed6f000-7f726ef6e000 ---p 0000b000 08:12 262242                     /lib/x86_64-linux-gnu/libnss_files-2.23.so
7f726ef6e000-7f726ef6f000 r--p 0000a000 08:12 262242                     /lib/x86_64-linux-gnu/libnss_files-2.23.so
7f726ef6f000-7f726ef70000 rw-p 0000b000 08:12 262242                     /lib/x86_64-linux-gnu/libnss_files-2.23.so
7f726ef70000-7f726ef76000 rw-p 00000000 00:00 0 
7f726ef76000-7f726ef81000 r-xp 00000000 08:12 262235                     /lib/x86_64-linux-gnu/libnss_nis-2.23.so
7f726ef81000-7f726f180000 ---p 0000b000 08:12 262235                     /lib/x86_64-linux-gnu/libnss_nis-2.23.so
7f726f180000-7f726f181000 r--p 0000a000 08:12 262235                     /lib/x86_64-linux-gnu/libnss_nis-2.23.so
7f726f181000-7f726f182000 rw-p 0000b000 08:12 262235                     /lib/x86_64-linux-gnu/libnss_nis-2.23.so
7f726f182000-7f726f198000 r-xp 00000000 08:12 262237                     /lib/x86_64-linux-gnu/libnsl-2.23.so
7f726f198000-7f726f397000 ---p 00016000 08:12 262237                     /lib/x86_64-linux-gnu/libnsl-2.23.so
7f726f397000-7f726f398000 r--p 00015000 08:12 262237                     /lib/x86_64-linux-gnu/libnsl-2.23.so
7f726f398000-7f726f399000 rw-p 00016000 08:12 262237                     /lib/x86_64-linux-gnu/libnsl-2.23.so
7f726f399000-7f726f39b000 rw-p 00000000 00:00 0 
7f726f39b000-7f726f3a3000 r-xp 00000000 08:12 266871                     /lib/x86_64-linux-gnu/libnss_compat-2.23.so
7f726f3a3000-7f726f5a2000 ---p 00008000 08:12 266871                     /lib/x86_64-linux-gnu/libnss_compat-2.23.so
7f726f5a2000-7f726f5a3000 r--p 00007000 08:12 266871                     /lib/x86_64-linux-gnu/libnss_compat-2.23.so
7f726f5a3000-7f726f5a4000 rw-p 00008000 08:12 266871                     /lib/x86_64-linux-gnu/libnss_compat-2.23.so
7f726f5a4000-7f726f5cf000 r-xp 00000000 08:12 542779                     /usr/lib/jvm/java-8-oracle/jre/lib/amd64/libjava.so
7f726f5cf000-7f726f7ce000 ---p 0002b000 08:12 542779                     /usr/lib/jvm/java-8-oracle/jre/lib/amd64/libjava.so
7f726f7ce000-7f726f7d0000 rw-p 0002a000 08:12 542779                     /usr/lib/jvm/java-8-oracle/jre/lib/amd64/libjava.so
7f726f7d0000-7f726f7dd000 r-xp 00000000 08:12 542732                     /usr/lib/jvm/java-8-oracle/jre/lib/amd64/libverify.so
7f726f7dd000-7f726f9dc000 ---p 0000d000 08:12 542732                     /usr/lib/jvm/java-8-oracle/jre/lib/amd64/libverify.so
7f726f9dc000-7f726f9de000 rw-p 0000c000 08:12 542732                     /usr/lib/jvm/java-8-oracle/jre/lib/amd64/libverify.so
7f726f9de000-7f726f9e5000 r-xp 00000000 08:12 266872                     /lib/x86_64-linux-gnu/librt-2.23.so
7f726f9e5000-7f726fbe4000 ---p 00007000 08:12 266872                     /lib/x86_64-linux-gnu/librt-2.23.so
7f726fbe4000-7f726fbe5000 r--p 00006000 08:12 266872                     /lib/x86_64-linux-gnu/librt-2.23.so
7f726fbe5000-7f726fbe6000 rw-p 00007000 08:12 266872                     /lib/x86_64-linux-gnu/librt-2.23.so
7f726fbe6000-7f726fcee000 r-xp 00000000 08:12 262236                     /lib/x86_64-linux-gnu/libm-2.23.so
7f726fcee000-7f726feed000 ---p 00108000 08:12 262236                     /lib/x86_64-linux-gnu/libm-2.23.so
7f726feed000-7f726feee000 r--p 00107000 08:12 262236                     /lib/x86_64-linux-gnu/libm-2.23.so
7f726feee000-7f726feef000 rw-p 00108000 08:12 262236                     /lib/x86_64-linux-gnu/libm-2.23.so
7f726feef000-7f7270bbd000 r-xp 00000000 08:12 542791                     /usr/lib/jvm/java-8-oracle/jre/lib/amd64/server/libjvm.so
7f7270bbd000-7f7270dbd000 ---p 00cce000 08:12 542791                     /usr/lib/jvm/java-8-oracle/jre/lib/amd64/server/libjvm.so
7f7270dbd000-7f7270e96000 rw-p 00cce000 08:12 542791                     /usr/lib/jvm/java-8-oracle/jre/lib/amd64/server/libjvm.so
7f7270e96000-7f7270ee1000 rw-p 00000000 00:00 0 
7f7270ee1000-7f72710a0000 r-xp 00000000 08:12 262238                     /lib/x86_64-linux-gnu/libc-2.23.so
7f72710a0000-7f72712a0000 ---p 001bf000 08:12 262238                     /lib/x86_64-linux-gnu/libc-2.23.so
7f72712a0000-7f72712a4000 r--p 001bf000 08:12 262238                     /lib/x86_64-linux-gnu/libc-2.23.so
7f72712a4000-7f72712a6000 rw-p 001c3000 08:12 262238                     /lib/x86_64-linux-gnu/libc-2.23.so
7f72712a6000-7f72712aa000 rw-p 00000000 00:00 0 
7f72712aa000-7f72712ad000 r-xp 00000000 08:12 262234                     /lib/x86_64-linux-gnu/libdl-2.23.so
7f72712ad000-7f72714ac000 ---p 00003000 08:12 262234                     /lib/x86_64-linux-gnu/libdl-2.23.so
7f72714ac000-7f72714ad000 r--p 00002000 08:12 262234                     /lib/x86_64-linux-gnu/libdl-2.23.so
7f72714ad000-7f72714ae000 rw-p 00003000 08:12 262234                     /lib/x86_64-linux-gnu/libdl-2.23.so
7f72714ae000-7f72714c3000 r-xp 00000000 08:12 6591556                    /usr/lib/jvm/java-8-oracle/lib/amd64/jli/libjli.so
7f72714c3000-7f72716c3000 ---p 00015000 08:12 6591556                    /usr/lib/jvm/java-8-oracle/lib/amd64/jli/libjli.so
7f72716c3000-7f72716c4000 rw-p 00015000 08:12 6591556                    /usr/lib/jvm/java-8-oracle/lib/amd64/jli/libjli.so
7f72716c4000-7f72716dc000 r-xp 00000000 08:12 266876                     /lib/x86_64-linux-gnu/libpthread-2.23.so
7f72716dc000-7f72718db000 ---p 00018000 08:12 266876                     /lib/x86_64-linux-gnu/libpthread-2.23.so
7f72718db000-7f72718dc000 r--p 00017000 08:12 266876                     /lib/x86_64-linux-gnu/libpthread-2.23.so
7f72718dc000-7f72718dd000 rw-p 00018000 08:12 266876                     /lib/x86_64-linux-gnu/libpthread-2.23.so
7f72718dd000-7f72718e1000 rw-p 00000000 00:00 0 
7f72718e1000-7f7271907000 r-xp 00000000 08:12 262239                     /lib/x86_64-linux-gnu/ld-2.23.so
7f727190f000-7f72719e1000 rw-p 00000000 00:00 0 
7f72719e1000-7f72719e4000 ---p 00000000 00:00 0 
7f72719e4000-7f7271afa000 rw-p 00000000 00:00 0 
7f7271afa000-7f7271b02000 rw-s 00000000 08:12 3673727                    /tmp/hsperfdata_candyogre/19694
7f7271b02000-7f7271b03000 rw-p 00000000 00:00 0 
7f7271b03000-7f7271b04000 ---p 00000000 00:00 0 
7f7271b04000-7f7271b06000 rw-p 00000000 00:00 0 
7f7271b06000-7f7271b07000 r--p 00025000 08:12 262239                     /lib/x86_64-linux-gnu/ld-2.23.so
7f7271b07000-7f7271b08000 rw-p 00026000 08:12 262239                     /lib/x86_64-linux-gnu/ld-2.23.so
7f7271b08000-7f7271b09000 rw-p 00000000 00:00 0 
7ffc358a5000-7ffc358d0000 rw-p 00000000 00:00 0                          [stack]
7ffc358fa000-7ffc358fc000 r--p 00000000 00:00 0                          [vvar]
7ffc358fc000-7ffc358fe000 r-xp 00000000 00:00 0                          [vdso]
ffffffffff600000-ffffffffff601000 r-xp 00000000 00:00 0                  [vsyscall]

VM Arguments:
jvm_args: -Djava.awt.headless=true -Xmx1024M -Dfile.encoding=UTF-8 -Duser.country=US -Duser.language=en -Duser.variant 
java_command: com.android.dx.command.Main --dex --num-threads=4 --output /home/candyogre/Projects/ApikoAgroMobile/android/app/build/intermediates/pre-dexed/debug/com.android.support-support-v4-23.4.0_1b6dcb438e08d320b426ef7a798fbf77a8ad8c88.jar /home/candyogre/Projects/ApikoAgroMobile/android/app/build/intermediates/exploded-aar/com.android.support/support-v4/23.4.0/jars/classes.jar
java_class_path (initial): /home/candyogre/Android/Sdk/build-tools/23.0.1/lib/dx.jar
Launcher Type: SUN_STANDARD

Environment Variables:
JAVA_HOME=/usr/lib/jvm/java-8-oracle
PATH=/home/candyogre/Projects/ApikoAgroMobile/node_modules/.bin:/home/candyogre/.config/yarn/link/node_modules/.bin:/home/candyogre/Projects/ApikoAgroMobile/node_modules/.bin:/home/candyogre/.config/yarn/link/node_modules/.bin:/usr/share/yarn/bin/node-gyp-bin:/home/candyogre/bin:/home/candyogre/.local/bin:/usr/local/sbin:/usr/local/bin:/usr/sbin:/usr/bin:/sbin:/bin:/usr/games:/usr/local/games:/snap/bin:/usr/lib/jvm/java-8-oracle/bin:/usr/lib/jvm/java-8-oracle/db/bin:/usr/lib/jvm/java-8-oracle/jre/bin:/home/candyogre/Android/Sdk/tools:/home/candyogre/Android/Sdk/platform-tools
SHELL=/bin/bash
DISPLAY=:0

Signal Handlers:
SIGSEGV: [libjvm.so+0xac78c0], sa_mask[0]=11111111011111111101111111111110, sa_flags=SA_RESTART|SA_SIGINFO
SIGBUS: [libjvm.so+0xac78c0], sa_mask[0]=11111111011111111101111111111110, sa_flags=SA_RESTART|SA_SIGINFO
SIGFPE: [libjvm.so+0x920ac0], sa_mask[0]=11111111011111111101111111111110, sa_flags=SA_RESTART|SA_SIGINFO
SIGPIPE: [libjvm.so+0x920ac0], sa_mask[0]=11111111011111111101111111111110, sa_flags=SA_RESTART|SA_SIGINFO
SIGXFSZ: [libjvm.so+0x920ac0], sa_mask[0]=11111111011111111101111111111110, sa_flags=SA_RESTART|SA_SIGINFO
SIGILL: [libjvm.so+0x920ac0], sa_mask[0]=11111111011111111101111111111110, sa_flags=SA_RESTART|SA_SIGINFO
SIGUSR1: SIG_DFL, sa_mask[0]=00000000000000000000000000000000, sa_flags=none
SIGUSR2: [libjvm.so+0x922300], sa_mask[0]=00100000000000000000000000000000, sa_flags=SA_RESTART|SA_SIGINFO
SIGHUP: [libjvm.so+0x923700], sa_mask[0]=11111111011111111101111111111110, sa_flags=SA_RESTART|SA_SIGINFO
SIGINT: [libjvm.so+0x923700], sa_mask[0]=11111111011111111101111111111110, sa_flags=SA_RESTART|SA_SIGINFO
SIGTERM: [libjvm.so+0x923700], sa_mask[0]=11111111011111111101111111111110, sa_flags=SA_RESTART|SA_SIGINFO
SIGQUIT: [libjvm.so+0x923700], sa_mask[0]=11111111011111111101111111111110, sa_flags=SA_RESTART|SA_SIGINFO


---------------  S Y S T E M  ---------------

OS:DISTRIB_ID=Ubuntu
DISTRIB_RELEASE=16.04
DISTRIB_CODENAME=xenial
DISTRIB_DESCRIPTION="Ubuntu 16.04.2 LTS"

uname:Linux 4.8.0-46-generic #49~16.04.1-Ubuntu SMP Fri Mar 31 14:51:03 UTC 2017 x86_64
libc:glibc 2.23 NPTL 2.23 
rlimit: STACK 8192k, CORE 0k, NPROC 31389, NOFILE 65536, AS infinity
load average:3,48 1,62 1,51

/proc/meminfo:
MemTotal:        8078152 kB
MemFree:          318024 kB
MemAvailable:     263540 kB
Buffers:            1392 kB
Cached:           647756 kB
SwapCached:        20152 kB
Active:          5612284 kB
Inactive:         894564 kB
Active(anon):    5604324 kB
Inactive(anon):   809988 kB
Active(file):       7960 kB
Inactive(file):    84576 kB
Unevictable:         444 kB
Mlocked:             444 kB
SwapTotal:       1998844 kB
SwapFree:          19992 kB
Dirty:               160 kB
Writeback:             0 kB
AnonPages:       5838692 kB
Mapped:          1301092 kB
Shmem:            556436 kB
Slab:             141052 kB
SReclaimable:      68132 kB
SUnreclaim:        72920 kB
KernelStack:       25392 kB
PageTables:        95460 kB
NFS_Unstable:          0 kB
Bounce:                0 kB
WritebackTmp:          0 kB
CommitLimit:     6037920 kB
Committed_AS:   19945472 kB
VmallocTotal:   34359738367 kB
VmallocUsed:           0 kB
VmallocChunk:          0 kB
HardwareCorrupted:     0 kB
AnonHugePages:   1484800 kB
ShmemHugePages:        0 kB
ShmemPmdMapped:        0 kB
CmaTotal:              0 kB
CmaFree:               0 kB
HugePages_Total:       0
HugePages_Free:        0
HugePages_Rsvd:        0
HugePages_Surp:        0
Hugepagesize:       2048 kB
DirectMap4k:      360764 kB
DirectMap2M:     7931904 kB
DirectMap1G:     1048576 kB


CPU:total 8 (4 cores per cpu, 2 threads per core) family 6 model 60 stepping 3, cmov, cx8, fxsr, mmx, sse, sse2, sse3, ssse3, sse4.1, sse4.2, popcnt, avx, avx2, aes, clmul, erms, lzcnt, ht, tsc, tscinvbit, bmi1, bmi2

/proc/cpuinfo:
processor	: 0
vendor_id	: GenuineIntel
cpu family	: 6
model		: 60
model name	: Intel(R) Core(TM) i7-4790 CPU @ 3.60GHz
stepping	: 3
microcode	: 0x1e
cpu MHz		: 3799.951
cache size	: 8192 KB
physical id	: 0
siblings	: 8
core id		: 0
cpu cores	: 4
apicid		: 0
initial apicid	: 0
fpu		: yes
fpu_exception	: yes
cpuid level	: 13
wp		: yes
flags		: fpu vme de pse tsc msr pae mce cx8 apic sep mtrr pge mca cmov pat pse36 clflush dts acpi mmx fxsr sse sse2 ss ht tm pbe syscall nx pdpe1gb rdtscp lm constant_tsc arch_perfmon pebs bts rep_good nopl xtopology nonstop_tsc aperfmperf eagerfpu pni pclmulqdq dtes64 monitor ds_cpl vmx smx est tm2 ssse3 sdbg fma cx16 xtpr pdcm pcid sse4_1 sse4_2 x2apic movbe popcnt tsc_deadline_timer aes xsave avx f16c rdrand lahf_lm abm epb tpr_shadow vnmi flexpriority ept vpid fsgsbase tsc_adjust bmi1 avx2 smep bmi2 erms invpcid xsaveopt dtherm ida arat pln pts
bugs		:
bogomips	: 7183.48
clflush size	: 64
cache_alignment	: 64
address sizes	: 39 bits physical, 48 bits virtual
power management:

processor	: 1
vendor_id	: GenuineIntel
cpu family	: 6
model		: 60
model name	: Intel(R) Core(TM) i7-4790 CPU @ 3.60GHz
stepping	: 3
microcode	: 0x1e
cpu MHz		: 3799.951
cache size	: 8192 KB
physical id	: 0
siblings	: 8
core id		: 1
cpu cores	: 4
apicid		: 2
initial apicid	: 2
fpu		: yes
fpu_exception	: yes
cpuid level	: 13
wp		: yes
flags		: fpu vme de pse tsc msr pae mce cx8 apic sep mtrr pge mca cmov pat pse36 clflush dts acpi mmx fxsr sse sse2 ss ht tm pbe syscall nx pdpe1gb rdtscp lm constant_tsc arch_perfmon pebs bts rep_good nopl xtopology nonstop_tsc aperfmperf eagerfpu pni pclmulqdq dtes64 monitor ds_cpl vmx smx est tm2 ssse3 sdbg fma cx16 xtpr pdcm pcid sse4_1 sse4_2 x2apic movbe popcnt tsc_deadline_timer aes xsave avx f16c rdrand lahf_lm abm epb tpr_shadow vnmi flexpriority ept vpid fsgsbase tsc_adjust bmi1 avx2 smep bmi2 erms invpcid xsaveopt dtherm ida arat pln pts
bugs		:
bogomips	: 7183.48
clflush size	: 64
cache_alignment	: 64
address sizes	: 39 bits physical, 48 bits virtual
power management:

processor	: 2
vendor_id	: GenuineIntel
cpu family	: 6
model		: 60
model name	: Intel(R) Core(TM) i7-4790 CPU @ 3.60GHz
stepping	: 3
microcode	: 0x1e
cpu MHz		: 3799.951
cache size	: 8192 KB
physical id	: 0
siblings	: 8
core id		: 2
cpu cores	: 4
apicid		: 4
initial apicid	: 4
fpu		: yes
fpu_exception	: yes
cpuid level	: 13
wp		: yes
flags		: fpu vme de pse tsc msr pae mce cx8 apic sep mtrr pge mca cmov pat pse36 clflush dts acpi mmx fxsr sse sse2 ss ht tm pbe syscall nx pdpe1gb rdtscp lm constant_tsc arch_perfmon pebs bts rep_good nopl xtopology nonstop_tsc aperfmperf eagerfpu pni pclmulqdq dtes64 monitor ds_cpl vmx smx est tm2 ssse3 sdbg fma cx16 xtpr pdcm pcid sse4_1 sse4_2 x2apic movbe popcnt tsc_deadline_timer aes xsave avx f16c rdrand lahf_lm abm epb tpr_shadow vnmi flexpriority ept vpid fsgsbase tsc_adjust bmi1 avx2 smep bmi2 erms invpcid xsaveopt dtherm ida arat pln pts
bugs		:
bogomips	: 7183.48
clflush size	: 64
cache_alignment	: 64
address sizes	: 39 bits physical, 48 bits virtual
power management:

processor	: 3
vendor_id	: GenuineIntel
cpu family	: 6
model		: 60
model name	: Intel(R) Core(TM) i7-4790 CPU @ 3.60GHz
stepping	: 3
microcode	: 0x1e
cpu MHz		: 3799.951
cache size	: 8192 KB
physical id	: 0
siblings	: 8
core id		: 3
cpu cores	: 4
apicid		: 6
initial apicid	: 6
fpu		: yes
fpu_exception	: yes
cpuid level	: 13
wp		: yes
flags		: fpu vme de pse tsc msr pae mce cx8 apic sep mtrr pge mca cmov pat pse36 clflush dts acpi mmx fxsr sse sse2 ss ht tm pbe syscall nx pdpe1gb rdtscp lm constant_tsc arch_perfmon pebs bts rep_good nopl xtopology nonstop_tsc aperfmperf eagerfpu pni pclmulqdq dtes64 monitor ds_cpl vmx smx est tm2 ssse3 sdbg fma cx16 xtpr pdcm pcid sse4_1 sse4_2 x2apic movbe popcnt tsc_deadline_timer aes xsave avx f16c rdrand lahf_lm abm epb tpr_shadow vnmi flexpriority ept vpid fsgsbase tsc_adjust bmi1 avx2 smep bmi2 erms invpcid xsaveopt dtherm ida arat pln pts
bugs		:
bogomips	: 7183.48
clflush size	: 64
cache_alignment	: 64
address sizes	: 39 bits physical, 48 bits virtual
power management:

processor	: 4
vendor_id	: GenuineIntel
cpu family	: 6
model		: 60
model name	: Intel(R) Core(TM) i7-4790 CPU @ 3.60GHz
stepping	: 3
microcode	: 0x1e
cpu MHz		: 3799.951
cache size	: 8192 KB
physical id	: 0
siblings	: 8
core id		: 0
cpu cores	: 4
apicid		: 1
initial apicid	: 1
fpu		: yes
fpu_exception	: yes
cpuid level	: 13
wp		: yes
flags		: fpu vme de pse tsc msr pae mce cx8 apic sep mtrr pge mca cmov pat pse36 clflush dts acpi mmx fxsr sse sse2 ss ht tm pbe syscall nx pdpe1gb rdtscp lm constant_tsc arch_perfmon pebs bts rep_good nopl xtopology nonstop_tsc aperfmperf eagerfpu pni pclmulqdq dtes64 monitor ds_cpl vmx smx est tm2 ssse3 sdbg fma cx16 xtpr pdcm pcid sse4_1 sse4_2 x2apic movbe popcnt tsc_deadline_timer aes xsave avx f16c rdrand lahf_lm abm epb tpr_shadow vnmi flexpriority ept vpid fsgsbase tsc_adjust bmi1 avx2 smep bmi2 erms invpcid xsaveopt dtherm ida arat pln pts
bugs		:
bogomips	: 7183.48
clflush size	: 64
cache_alignment	: 64
address sizes	: 39 bits physical, 48 bits virtual
power management:

processor	: 5
vendor_id	: GenuineIntel
cpu family	: 6
model		: 60
model name	: Intel(R) Core(TM) i7-4790 CPU @ 3.60GHz
stepping	: 3
microcode	: 0x1e
cpu MHz		: 3799.951
cache size	: 8192 KB
physical id	: 0
siblings	: 8
core id		: 1
cpu cores	: 4
apicid		: 3
initial apicid	: 3
fpu		: yes
fpu_exception	: yes
cpuid level	: 13
wp		: yes
flags		: fpu vme de pse tsc msr pae mce cx8 apic sep mtrr pge mca cmov pat pse36 clflush dts acpi mmx fxsr sse sse2 ss ht tm pbe syscall nx pdpe1gb rdtscp lm constant_tsc arch_perfmon pebs bts rep_good nopl xtopology nonstop_tsc aperfmperf eagerfpu pni pclmulqdq dtes64 monitor ds_cpl vmx smx est tm2 ssse3 sdbg fma cx16 xtpr pdcm pcid sse4_1 sse4_2 x2apic movbe popcnt tsc_deadline_timer aes xsave avx f16c rdrand lahf_lm abm epb tpr_shadow vnmi flexpriority ept vpid fsgsbase tsc_adjust bmi1 avx2 smep bmi2 erms invpcid xsaveopt dtherm ida arat pln pts
bugs		:
bogomips	: 7183.48
clflush size	: 64
cache_alignment	: 64
address sizes	: 39 bits physical, 48 bits virtual
power management:

processor	: 6
vendor_id	: GenuineIntel
cpu family	: 6
model		: 60
model name	: Intel(R) Core(TM) i7-4790 CPU @ 3.60GHz
stepping	: 3
microcode	: 0x1e
cpu MHz		: 3799.951
cache size	: 8192 KB
physical id	: 0
siblings	: 8
core id		: 2
cpu cores	: 4
apicid		: 5
initial apicid	: 5
fpu		: yes
fpu_exception	: yes
cpuid level	: 13
wp		: yes
flags		: fpu vme de pse tsc msr pae mce cx8 apic sep mtrr pge mca cmov pat pse36 clflush dts acpi mmx fxsr sse sse2 ss ht tm pbe syscall nx pdpe1gb rdtscp lm constant_tsc arch_perfmon pebs bts rep_good nopl xtopology nonstop_tsc aperfmperf eagerfpu pni pclmulqdq dtes64 monitor ds_cpl vmx smx est tm2 ssse3 sdbg fma cx16 xtpr pdcm pcid sse4_1 sse4_2 x2apic movbe popcnt tsc_deadline_timer aes xsave avx f16c rdrand lahf_lm abm epb tpr_shadow vnmi flexpriority ept vpid fsgsbase tsc_adjust bmi1 avx2 smep bmi2 erms invpcid xsaveopt dtherm ida arat pln pts
bugs		:
bogomips	: 7183.48
clflush size	: 64
cache_alignment	: 64
address sizes	: 39 bits physical, 48 bits virtual
power management:

processor	: 7
vendor_id	: GenuineIntel
cpu family	: 6
model		: 60
model name	: Intel(R) Core(TM) i7-4790 CPU @ 3.60GHz
stepping	: 3
microcode	: 0x1e
cpu MHz		: 3799.951
cache size	: 8192 KB
physical id	: 0
siblings	: 8
core id		: 3
cpu cores	: 4
apicid		: 7
initial apicid	: 7
fpu		: yes
fpu_exception	: yes
cpuid level	: 13
wp		: yes
flags		: fpu vme de pse tsc msr pae mce cx8 apic sep mtrr pge mca cmov pat pse36 clflush dts acpi mmx fxsr sse sse2 ss ht tm pbe syscall nx pdpe1gb rdtscp lm constant_tsc arch_perfmon pebs bts rep_good nopl xtopology nonstop_tsc aperfmperf eagerfpu pni pclmulqdq dtes64 monitor ds_cpl vmx smx est tm2 ssse3 sdbg fma cx16 xtpr pdcm pcid sse4_1 sse4_2 x2apic movbe popcnt tsc_deadline_timer aes xsave avx f16c rdrand lahf_lm abm epb tpr_shadow vnmi flexpriority ept vpid fsgsbase tsc_adjust bmi1 avx2 smep bmi2 erms invpcid xsaveopt dtherm ida arat pln pts
bugs		:
bogomips	: 7183.48
clflush size	: 64
cache_alignment	: 64
address sizes	: 39 bits physical, 48 bits virtual
power management:



Memory: 4k page, physical 8078152k(316288k free), swap 1998844k(19996k free)

vm_info: Java HotSpot(TM) 64-Bit Server VM (25.121-b13) for linux-amd64 JRE (1.8.0_121-b13), built on Dec 12 2016 16:36:53 by "java_re" with gcc 4.3.0 20080428 (Red Hat 4.3.0-8)

time: Mon Apr 10 15:33:05 2017
elapsed time: 4 seconds (0d 0h 0m 4s)

